[debug] [2024-10-03T06:49:10.747Z] ----------------------------------------------------------------------
[debug] [2024-10-03T06:49:10.750Z] Command:       C:\Program Files\nodejs\node.exe C:\Users\PRASANNAA E\AppData\Roaming\npm\node_modules\firebase-tools\lib\bin\firebase.js init
[debug] [2024-10-03T06:49:10.750Z] CLI Version:   13.20.2
[debug] [2024-10-03T06:49:10.750Z] Platform:      win32
[debug] [2024-10-03T06:49:10.750Z] Node Version:  v20.14.0
[debug] [2024-10-03T06:49:10.750Z] Time:          Thu Oct 03 2024 12:19:10 GMT+0530 (India Standard Time)
[debug] [2024-10-03T06:49:10.751Z] ----------------------------------------------------------------------
[debug] 
[debug] [2024-10-03T06:49:10.756Z] > command requires scopes: ["email","openid","https://www.googleapis.com/auth/cloudplatformprojects.readonly","https://www.googleapis.com/auth/firebase","https://www.googleapis.com/auth/cloud-platform"]
[debug] [2024-10-03T06:49:10.756Z] > authorizing via signed-in user (prasanna.es11@gmail.com)
[info] 
     ######## #### ########  ######## ########     ###     ######  ########
     ##        ##  ##     ## ##       ##     ##  ##   ##  ##       ##
     ######    ##  ########  ######   ########  #########  ######  ######
     ##        ##  ##    ##  ##       ##     ## ##     ##       ## ##
     ##       #### ##     ## ######## ########  ##     ##  ######  ########

You're about to initialize a Firebase project in this directory:

  C:\Users\PRASANNAA E\Desktop\Klabs\thurigai

[info] 
=== Project Setup
[info] 
[info] First, let's associate this project directory with a Firebase project.
[info] You can create multiple project aliases by running firebase use --add, 
[info] but for now we'll just set up a default project.
[info] 
[debug] [2024-10-03T06:49:18.114Z] Checked if tokens are valid: true, expires at: 1727939190805
[debug] [2024-10-03T06:49:18.114Z] Checked if tokens are valid: true, expires at: 1727939190805
[debug] [2024-10-03T06:49:18.115Z] >>> [apiv2][query] GET https://firebase.googleapis.com/v1beta1/projects pageSize=100
[debug] [2024-10-03T06:49:19.499Z] <<< [apiv2][status] GET https://firebase.googleapis.com/v1beta1/projects 200
[debug] [2024-10-03T06:49:19.499Z] <<< [apiv2][body] GET https://firebase.googleapis.com/v1beta1/projects [omitted]
